<?xml version="1.0" encoding="UTF-8"?>
<testsuite xmlns:xsi="http://www.w3.org/2001/XMLSchema-instance" xsi:noNamespaceSchemaLocation="https://maven.apache.org/surefire/maven-surefire-plugin/xsd/surefire-test-report-3.0.xsd" version="3.0" name="wearetests.web.requirementsbasedtests.WEAreAdminDisableAccountTest" time="3.982" tests="1" errors="0" skipped="0" failures="0">
  <properties>
[...]
</properties>
  <testcase name="adminDisableAccount" classname="wearetests.web.requirementsbasedtests.WEAreAdminDisableAccountTest" time="3.044">
    <system-out><![CDATA[2024-11-25 18:26:33,949 INFO  [main] Starting Chrome browser in normal mode...
2024-11-25 18:26:34,804 INFO  [main] Getting current URL: data:,
2024-11-25 18:26:34,804 INFO  [main] Navigating to page: http://localhost:8081/register
2024-11-25 18:26:35,485 INFO  [main] Navigating to page: http://localhost:8081/login
2024-11-25 18:26:35,540 INFO  [main] Getting current URL: http://localhost:8081/login
2024-11-25 18:26:35,540 INFO  [main] Finding element with locator: By.id: username
2024-11-25 18:26:35,579 INFO  [main] Finding element with locator: By.id: password
2024-11-25 18:26:35,616 INFO  [main] Finding element with locator: By.xpath: //input[@value='Login']
2024-11-25 18:26:35,793 INFO  [main] Finding element with locator: By.cssSelector: a.nav-link[href='/logout']
2024-11-25 18:26:35,813 INFO  [main] Navigating to page: http://localhost:8081/search?searchParam1=&searchParam2=&index=0&size=10
2024-11-25 18:26:36,465 INFO  [main] Navigating to page: http://localhost:8081
2024-11-25 18:26:36,566 INFO  [main] Finding element with locator: By.cssSelector: a.nav-link[href='/logout']
2024-11-25 18:26:36,651 INFO  [main] Navigating to page: http://localhost:8081/login
2024-11-25 18:26:36,710 INFO  [main] Finding element with locator: By.id: username
2024-11-25 18:26:36,745 INFO  [main] Finding element with locator: By.id: password
2024-11-25 18:26:36,783 INFO  [main] Finding element with locator: By.xpath: //input[@value='Login']
2024-11-25 18:26:36,890 INFO  [main] Navigating to page: http://localhost:8081
2024-11-25 18:26:36,962 INFO  [main] Closing Browser...
]]></system-out>
    <system-err><![CDATA[Nov 25, 2024 6:26:34 PM org.openqa.selenium.devtools.CdpVersionFinder findNearestMatch
WARNING: Unable to find an exact match for CDP version 131, returning the closest version; found: 130; Please update to a Selenium version that supports CDP version 131
Nov 25, 2024 6:26:36 PM org.openqa.selenium.remote.http.WebSocket$Listener onError
WARNING: Connection reset
java.net.SocketException: Connection reset
	at java.base/sun.nio.ch.SocketChannelImpl.throwConnectionReset(SocketChannelImpl.java:403)
	at java.base/sun.nio.ch.SocketChannelImpl.implRead(SocketChannelImpl.java:435)
	at java.base/sun.nio.ch.SocketChannelImpl.read(SocketChannelImpl.java:493)
	at java.net.http/jdk.internal.net.http.SocketTube.readAvailable(SocketTube.java:1178)
	at java.net.http/jdk.internal.net.http.SocketTube$InternalReadPublisher$InternalReadSubscription.read(SocketTube.java:841)
	at java.net.http/jdk.internal.net.http.SocketTube$SocketFlowTask.run(SocketTube.java:181)
	at java.net.http/jdk.internal.net.http.common.SequentialScheduler$SchedulableTask.run(SequentialScheduler.java:207)
	at java.net.http/jdk.internal.net.http.common.SequentialScheduler.runOrSchedule(SequentialScheduler.java:280)
	at java.net.http/jdk.internal.net.http.common.SequentialScheduler.runOrSchedule(SequentialScheduler.java:233)
	at java.net.http/jdk.internal.net.http.SocketTube$InternalReadPublisher$InternalReadSubscription.signalReadable(SocketTube.java:782)
	at java.net.http/jdk.internal.net.http.SocketTube$InternalReadPublisher$ReadEvent.signalEvent(SocketTube.java:965)
	at java.net.http/jdk.internal.net.http.SocketTube$SocketFlowEvent.handle(SocketTube.java:253)
	at java.net.http/jdk.internal.net.http.HttpClientImpl$SelectorManager.handleEvent(HttpClientImpl.java:1476)
	at java.net.http/jdk.internal.net.http.HttpClientImpl$SelectorManager.lambda$run$3(HttpClientImpl.java:1421)
	at java.base/java.util.ArrayList.forEach(ArrayList.java:1597)
	at java.net.http/jdk.internal.net.http.HttpClientImpl$SelectorManager.run(HttpClientImpl.java:1421)

]]></system-err>
  </testcase>
</testsuite>