<?xml version="1.0" encoding="UTF-8"?>
<testsuite xmlns:xsi="http://www.w3.org/2001/XMLSchema-instance" xsi:noNamespaceSchemaLocation="https://maven.apache.org/surefire/maven-surefire-plugin/xsd/surefire-test-report-3.0.xsd" version="3.0" name="TestSuite" time="2.821" tests="31" errors="0" skipped="0" failures="0">
  <properties>
[...]
</properties>
  <testcase name="testCreateUser" classname="baseTests.CreateUsers" time="0.531">
    <system-out><![CDATA[21:20:55.738 [main] DEBUG org.testng.TestNG - suiteXmlPath: "/Users/ivanvelchev/Downloads/Social-Network-Project-main-2/Demo-Social-Network-Project-main-3/REST Assured - A61-TEAM I/src/test/resources/main-suite.xml"
21:20:55.816 [main] WARN org.testng.TestNG - Ignoring duplicate listener : io.qameta.allure.testng.AllureTestNg
21:20:55.816 [main] WARN org.testng.TestNG - Ignoring duplicate listener : io.qameta.allure.testng.AllureTestNg
21:20:55.816 [main] WARN org.testng.TestNG - Ignoring duplicate listener : io.qameta.allure.testng.AllureTestNg
User with name Van and id 245 was created
Extracted userId: &amp#27;[32m245&amp#27;[0m
]]></system-out>
  </testcase>
  <testcase name="testLogIn" classname="baseTests.CreateUsers" time="0.072">
    <system-out><![CDATA[
&amp#27;[32m LogIn User 1 &amp#27;[0m - JSESSIONID: D739E9EC785353A62661CF454AB2F286

]]></system-out>
  </testcase>
  <testcase name="testUpdateUserPersonalInfo" classname="baseTests.CreateUsers" time="0.189">
    <system-out><![CDATA[Update User Personal Info
{
    "id": 245,
    "firstName": "Loreta",
    "lastName": "Caitlyn",
    "sex": "MALE",
    "location": null,
    "birthYear": "1876-01-01",
    "personalReview": null,
    "memberSince": "11/11/2024",
    "picturePrivacy": false
}

]]></system-out>
  </testcase>
  <testcase name="testCreateUser2" classname="baseTests.CreateUsers" time="0.075">
    <system-out><![CDATA[User with name Corinne and id 246 was created
Extracted userId: &amp#27;[32m246&amp#27;[0m

]]></system-out>
  </testcase>
  <testcase name="testGetAllUsers" classname="baseTests.CreateUsers" time="0.042">
    <system-out><![CDATA[User: &amp#27;[32mVan&amp#27;[0m
User: &amp#27;[32mCorinne&amp#27;[0m

----------------------------------

]]></system-out>
  </testcase>
  <testcase name="testCreateUser" classname="baseTests.FriendRequest" time="0.066">
    <system-out><![CDATA[User with name Waldo and id 247 was created
Extracted userId: &amp#27;[32m247&amp#27;[0m
]]></system-out>
  </testcase>
  <testcase name="testLogIn" classname="baseTests.FriendRequest" time="0.082">
    <system-out><![CDATA[
&amp#27;[32m LogIn User 1 &amp#27;[0m - JSESSIONID: A12D394D18D318BB906BAD2C9C38A400

]]></system-out>
  </testcase>
  <testcase name="testCreateUser2" classname="baseTests.FriendRequest" time="0.097">
    <system-out><![CDATA[User with name Emmanuel and id 248 was created
Extracted userId: &amp#27;[32m248&amp#27;[0m

]]></system-out>
  </testcase>
  <testcase name="testSendRequest" classname="baseTests.FriendRequest" time="0.014">
    <system-out><![CDATA[Waldo send friend request to Emmanuel
]]></system-out>
  </testcase>
  <testcase name="testLogInUser2" classname="baseTests.FriendRequest" time="0.061">
    <system-out><![CDATA[
&amp#27;[32m LogIn User 2 &amp#27;[0m -  JSESSIONID: 37B743B60FD4B5ACBA4CF282137A4317

]]></system-out>
  </testcase>
  <testcase name="testGetRequestUser2" classname="baseTests.FriendRequest" time="0.02">
    <system-out><![CDATA[Extracted request ID: &amp#27;[32m50&amp#27;[0m

]]></system-out>
  </testcase>
  <testcase name="testApproveRequest" classname="baseTests.FriendRequest" time="0.011">
    <system-out><![CDATA[Emmanuel approved request of Waldo

----------------------------------

]]></system-out>
  </testcase>
  <testcase name="testCreateUser" classname="baseTests.CreatePost" time="0.062">
    <system-out><![CDATA[User with name Vannesa and id 249 was created
Extracted userId: &amp#27;[32m249&amp#27;[0m
]]></system-out>
  </testcase>
  <testcase name="testLogIn" classname="baseTests.CreatePost" time="0.062">
    <system-out><![CDATA[
&amp#27;[32m LogIn User 1 &amp#27;[0m - JSESSIONID: 7AEB55B53D3F997F326D0785EDA0DFF1

]]></system-out>
  </testcase>
  <testcase name="testCreatePost" classname="baseTests.CreatePost" time="0.095">
    <system-out><![CDATA[Extracted Post ID: &amp#27;[32m133&amp#27;[0m
Post with title: &amp#27;[32mDemo title for Post&amp#27;[0m was created

]]></system-out>
  </testcase>
  <testcase name="testDeletePost" classname="baseTests.CreatePost" time="0.018">
    <system-out><![CDATA[Post with id: &amp#27;[32m133&amp#27;[0m was deleted

----------------------------------

]]></system-out>
  </testcase>
  <testcase name="testCreateUser" classname="baseTests.CreateComment" time="0.065">
    <system-out><![CDATA[User with name Tai and id 250 was created
Extracted userId: &amp#27;[32m250&amp#27;[0m
]]></system-out>
  </testcase>
  <testcase name="testLogIn" classname="baseTests.CreateComment" time="0.06">
    <system-out><![CDATA[
&amp#27;[32m LogIn User 1 &amp#27;[0m - JSESSIONID: DBBC5F6ACE394AFFA3383AECCB445EAF

]]></system-out>
  </testcase>
  <testcase name="testCreatePost" classname="baseTests.CreateComment" time="0.034">
    <system-out><![CDATA[Extracted Post ID: &amp#27;[32m134&amp#27;[0m
Post with title: &amp#27;[32mDemo title for Post&amp#27;[0m was created

]]></system-out>
  </testcase>
  <testcase name="testCreateUser2" classname="baseTests.CreateComment" time="0.063">
    <system-out><![CDATA[User with name Callie and id 251 was created
Extracted userId: &amp#27;[32m251&amp#27;[0m

]]></system-out>
  </testcase>
  <testcase name="testLogInUser2" classname="baseTests.CreateComment" time="0.055">
    <system-out><![CDATA[
&amp#27;[32m LogIn User 2 &amp#27;[0m -  JSESSIONID: 679DE5ABA5B23EE25EDE811314E7FD7D

]]></system-out>
  </testcase>
  <testcase name="testCreateCommentPost" classname="baseTests.CreateComment" time="0.046">
    <system-out><![CDATA[Saved Comment ID: &amp#27;[32m142&amp#27;[0m

]]></system-out>
  </testcase>
  <testcase name="testDeletePost" classname="baseTests.CreateComment" time="0.011">
    <system-out><![CDATA[Post with id: &amp#27;[32m134&amp#27;[0m was deleted

----------------------------------

]]></system-out>
  </testcase>
  <testcase name="testCreateUser" classname="baseTests.LikePost" time="0.069">
    <system-out><![CDATA[User with name Jesse and id 252 was created
Extracted userId: &amp#27;[32m252&amp#27;[0m
]]></system-out>
  </testcase>
  <testcase name="testLogIn" classname="baseTests.LikePost" time="0.174">
    <system-out><![CDATA[
&amp#27;[32m LogIn User 1 &amp#27;[0m - JSESSIONID: C6BE4761A76E241F57D0967F9081BDE4

]]></system-out>
  </testcase>
  <testcase name="testCreatePost" classname="baseTests.LikePost" time="0.069">
    <system-out><![CDATA[Extracted Post ID: &amp#27;[32m135&amp#27;[0m
Post with title: &amp#27;[32mDemo title for Post&amp#27;[0m was created

]]></system-out>
  </testcase>
  <testcase name="testCreateUser2" classname="baseTests.LikePost" time="0.066">
    <system-out><![CDATA[User with name Arleen and id 253 was created
Extracted userId: &amp#27;[32m253&amp#27;[0m

]]></system-out>
  </testcase>
  <testcase name="testLogInUser2" classname="baseTests.LikePost" time="0.061">
    <system-out><![CDATA[
&amp#27;[32m LogIn User 2 &amp#27;[0m -  JSESSIONID: 30595DDDE09FF294B7E14A63801DE7C9

]]></system-out>
  </testcase>
  <testcase name="testCreateCommentPost" classname="baseTests.LikePost" time="0.041">
    <system-out><![CDATA[Saved Comment ID: &amp#27;[32m143&amp#27;[0m

]]></system-out>
  </testcase>
  <testcase name="testLikePost" classname="baseTests.LikePost" time="0.098">
    <system-out><![CDATA[Liked status: &amp#27;[32mtrue&amp#27;[0m
]]></system-out>
  </testcase>
  <testcase name="testDeletePost" classname="baseTests.LikePost" time="0.02">
    <system-out><![CDATA[Post with id: &amp#27;[32m135&amp#27;[0m was deleted

----------------------------------

]]></system-out>
  </testcase>
</testsuite>