<?xml version="1.0" encoding="UTF-8"?>
<!-- Generated by org.testng.reporters.JUnitXMLReporter -->
<testsuite ignored="0" hostname="Ivans-MacBook-Pro.local" failures="0" tests="31" name="REST API" time="2.445" errors="0" timestamp="2024-11-11T21:20:58 EET">
  <testcase classname="baseTests.CreateUsers" name="testCreateUser" time="0.503"/>
  <testcase classname="baseTests.CreateUsers" name="testLogIn" time="0.071"/>
  <testcase classname="baseTests.CreateUsers" name="testUpdateUserPersonalInfo" time="0.188"/>
  <testcase classname="baseTests.CreateUsers" name="testCreateUser2" time="0.074"/>
  <testcase classname="baseTests.CreateUsers" name="testGetAllUsers" time="0.042"/>
  <testcase classname="baseTests.FriendRequest" name="testCreateUser" time="0.065"/>
  <testcase classname="baseTests.FriendRequest" name="testLogIn" time="0.079"/>
  <testcase classname="baseTests.FriendRequest" name="testCreateUser2" time="0.097"/>
  <testcase classname="baseTests.FriendRequest" name="testSendRequest" time="0.013"/>
  <testcase classname="baseTests.FriendRequest" name="testLogInUser2" time="0.061"/>
  <testcase classname="baseTests.FriendRequest" name="testGetRequestUser2" time="0.02"/>
  <testcase classname="baseTests.FriendRequest" name="testApproveRequest" time="0.01"/>
  <testcase classname="baseTests.CreatePost" name="testCreateUser" time="0.061"/>
  <testcase classname="baseTests.CreatePost" name="testLogIn" time="0.061"/>
  <testcase classname="baseTests.CreatePost" name="testCreatePost" time="0.093"/>
  <testcase classname="baseTests.CreatePost" name="testDeletePost" time="0.018"/>
  <testcase classname="baseTests.CreateComment" name="testCreateUser" time="0.064"/>
  <testcase classname="baseTests.CreateComment" name="testLogIn" time="0.059"/>
  <testcase classname="baseTests.CreateComment" name="testCreatePost" time="0.033"/>
  <testcase classname="baseTests.CreateComment" name="testCreateUser2" time="0.062"/>
  <testcase classname="baseTests.CreateComment" name="testLogInUser2" time="0.054"/>
  <testcase classname="baseTests.CreateComment" name="testCreateCommentPost" time="0.045"/>
  <testcase classname="baseTests.CreateComment" name="testDeletePost" time="0.01"/>
  <testcase classname="baseTests.LikePost" name="testCreateUser" time="0.066"/>
  <testcase classname="baseTests.LikePost" name="testLogIn" time="0.173"/>
  <testcase classname="baseTests.LikePost" name="testCreatePost" time="0.068"/>
  <testcase classname="baseTests.LikePost" name="testCreateUser2" time="0.065"/>
  <testcase classname="baseTests.LikePost" name="testLogInUser2" time="0.061"/>
  <testcase classname="baseTests.LikePost" name="testCreateCommentPost" time="0.041"/>
  <testcase classname="baseTests.LikePost" name="testLikePost" time="0.098"/>
  <testcase classname="baseTests.LikePost" name="testDeletePost" time="0.019"/>
</testsuite> <!-- REST API -->
